[35m[1mConsolidate compiler generated dependencies of target lift_fork_bt_node[0m
[35m[1mConsolidate compiler generated dependencies of target lower_fork_bt_node[0m
[35m[1mConsolidate compiler generated dependencies of target move_bt_node[0m
[35m[1mConsolidate compiler generated dependencies of target recharge_bt_node[0m
[35m[1mConsolidate compiler generated dependencies of target approach_pallet_bt_node[0m
[  8%] [32mBuilding CXX object CMakeFiles/hello_world_node.dir/src/hello_world_node.cpp.o[0m
[ 25%] Built target recharge_bt_node
[ 50%] Built target lift_fork_bt_node
[ 58%] Built target lower_fork_bt_node
[ 75%] Built target move_bt_node
[ 91%] Built target approach_pallet_bt_node
[01m[K/home/stinky/Documents/semantic-robot/ros2_ws/src/bt_plansys_turtlebot/src/hello_world_node.cpp:1:10:[m[K [01;31m[Kfatal error: [m[Krclcpp/rclcpp.hpp: No such file or directory
    1 | #include [01;31m[K"rclcpp/rclcpp.hpp"[m[K
      |          [01;31m[K^~~~~~~~~~~~~~~~~~~[m[K
compilation terminated.
gmake[2]: *** [CMakeFiles/hello_world_node.dir/build.make:76: CMakeFiles/hello_world_node.dir/src/hello_world_node.cpp.o] Error 1
gmake[1]: *** [CMakeFiles/Makefile2:277: CMakeFiles/hello_world_node.dir/all] Error 2
gmake: *** [Makefile:146: all] Error 2
