[01m[K/home/stinky/Documents/semantic-robot/ros2_ws/src/bt_plansys_turtlebot/src/nav2_action_server_node.cpp:[m[K In function â€˜[01m[Kint main(int, char**)[m[Kâ€™:
[01m[K/home/stinky/Documents/semantic-robot/ros2_ws/src/bt_plansys_turtlebot/src/nav2_action_server_node.cpp:18:14:[m[K [01;35m[Kwarning: [m[Kunused parameter â€˜[01m[Kargc[m[Kâ€™ [[01;35m[K]8;;https://gcc.gnu.org/onlinedocs/gcc/Warning-Options.html#index-Wunused-parameter-Wunused-parameter]8;;[m[K]
   18 | int main([01;35m[Kint argc[m[K, char * argv[])
      |          [01;35m[K~~~~^~~~[m[K
[01m[K/home/stinky/Documents/semantic-robot/ros2_ws/src/bt_plansys_turtlebot/src/nav2_action_server_node.cpp:18:27:[m[K [01;35m[Kwarning: [m[Kunused parameter â€˜[01m[Kargv[m[Kâ€™ [[01;35m[K]8;;https://gcc.gnu.org/onlinedocs/gcc/Warning-Options.html#index-Wunused-parameter-Wunused-parameter]8;;[m[K]
   18 | int main(int argc, [01;35m[Kchar * argv[][m[K)
      |                    [01;35m[K~~~~~~~^~~~~~[m[K
/usr/bin/ld: CMakeFiles/nav2_action_server_node.dir/src/nav2_action_server_node.cpp.o: in function `Nav2ActionServerNode::start_server()':
nav2_action_server_node.cpp:(.text+0x6e): undefined reference to `Nav2ActionServerNode::handle_accepted(std::shared_ptr<rclcpp_action::ServerGoalHandle<nav2_msgs::action::NavigateToPose> >)'
/usr/bin/ld: nav2_action_server_node.cpp:(.text+0xe1): undefined reference to `Nav2ActionServerNode::handle_cancel(std::shared_ptr<rclcpp_action::ServerGoalHandle<nav2_msgs::action::NavigateToPose> >)'
/usr/bin/ld: nav2_action_server_node.cpp:(.text+0x14a): undefined reference to `Nav2ActionServerNode::handle_goal(std::array<unsigned char, 16ul> const&, std::shared_ptr<nav2_msgs::action::NavigateToPose_Goal_<std::allocator<void> > const>)'
collect2: error: ld returned 1 exit status
gmake[2]: *** [CMakeFiles/nav2_action_server_node.dir/build.make:329: nav2_action_server_node] Error 1
gmake[1]: *** [CMakeFiles/Makefile2:277: CMakeFiles/nav2_action_server_node.dir/all] Error 2
gmake: *** [Makefile:146: all] Error 2
