[0.078s] Invoking command in '/home/stinky/Documents/semantic-robot/ros2_ws/build/bt_plansys_turtlebot': CMAKE_PREFIX_PATH=${CMAKE_PREFIX_PATH}:/opt/ros/humble /usr/bin/cmake /home/stinky/Documents/semantic-robot/ros2_ws/src/bt_plansys_turtlebot -DAMENT_CMAKE_SYMLINK_INSTALL=1 -DCMAKE_INSTALL_PREFIX=/home/stinky/Documents/semantic-robot/ros2_ws/install/bt_plansys_turtlebot
[0.118s] -- The C compiler identification is GNU 11.4.0
[0.158s] -- The CXX compiler identification is GNU 11.4.0
[0.164s] -- Detecting C compiler ABI info
[0.217s] -- Detecting C compiler ABI info - done
[0.221s] -- Check for working C compiler: /usr/bin/cc - skipped
[0.222s] -- Detecting C compile features
[0.222s] -- Detecting C compile features - done
[0.224s] -- Detecting CXX compiler ABI info
[0.285s] -- Detecting CXX compiler ABI info - done
[0.290s] -- Check for working CXX compiler: /usr/bin/c++ - skipped
[0.290s] -- Detecting CXX compile features
[0.291s] -- Detecting CXX compile features - done
[0.294s] -- Found ament_cmake: 1.3.7 (/opt/ros/humble/share/ament_cmake/cmake)
[0.418s] -- Found Python3: /usr/bin/python3.10 (found version "3.10.12") found components: Interpreter 
[0.460s] -- Override CMake install command with custom implementation using symlinks instead of copying resources
[0.498s] -- Found ament_index_cpp: 1.4.0 (/opt/ros/humble/share/ament_index_cpp/cmake)
[0.502s] -- Found rclcpp: 16.0.8 (/opt/ros/humble/share/rclcpp/cmake)
[0.549s] -- Found rosidl_generator_c: 3.1.5 (/opt/ros/humble/share/rosidl_generator_c/cmake)
[0.556s] -- Found rosidl_adapter: 3.1.5 (/opt/ros/humble/share/rosidl_adapter/cmake)
[0.566s] -- Found rosidl_generator_cpp: 3.1.5 (/opt/ros/humble/share/rosidl_generator_cpp/cmake)
[0.580s] -- Using all available rosidl_typesupport_c: rosidl_typesupport_fastrtps_c;rosidl_typesupport_introspection_c
[0.599s] -- Using all available rosidl_typesupport_cpp: rosidl_typesupport_fastrtps_cpp;rosidl_typesupport_introspection_cpp
[0.665s] -- Found rmw_implementation_cmake: 6.1.1 (/opt/ros/humble/share/rmw_implementation_cmake/cmake)
[0.669s] -- Found rmw_cyclonedds_cpp: 1.3.4 (/opt/ros/humble/share/rmw_cyclonedds_cpp/cmake)
[0.702s] -- Using RMW implementation 'rmw_cyclonedds_cpp' as default
[0.714s] -- Looking for pthread.h
[0.773s] -- Looking for pthread.h - found
[0.774s] -- Performing Test CMAKE_HAVE_LIBC_PTHREAD
[0.831s] -- Performing Test CMAKE_HAVE_LIBC_PTHREAD - Success
[0.831s] -- Found Threads: TRUE  
[0.968s] -- Found rclcpp_action: 16.0.8 (/opt/ros/humble/share/rclcpp_action/cmake)
[1.147s] -- Found geometry_msgs: 4.2.3 (/opt/ros/humble/share/geometry_msgs/cmake)
[1.290s] -- Found tf2_geometry_msgs: 0.25.5 (/opt/ros/humble/share/tf2_geometry_msgs/cmake)
[1.357s] -- Found eigen3_cmake_module: 0.1.1 (/opt/ros/humble/share/eigen3_cmake_module/cmake)
[1.358s] -- Found Eigen3: TRUE (found version "3.4.0") 
[1.358s] -- Ensuring Eigen3 include directory is part of orocos-kdl CMake target
[1.931s] -- Found nav2_msgs: 1.1.12 (/opt/ros/humble/share/nav2_msgs/cmake)
[2.458s] -- Found plansys2_msgs: 2.0.9 (/opt/ros/humble/share/plansys2_msgs/cmake)
[2.636s] -- Found plansys2_executor: 2.0.9 (/opt/ros/humble/share/plansys2_executor/cmake)
[7.562s] -- Found plansys2_bt_actions: 2.0.9 (/opt/ros/humble/share/plansys2_bt_actions/cmake)
[43.473s] -- Found ament_lint_auto: 0.12.10 (/opt/ros/humble/share/ament_lint_auto/cmake)
[43.541s] -- Added test 'cppcheck' to perform static code analysis on C / C++ code
[43.541s] -- Configured cppcheck include dirs: /home/stinky/Documents/semantic-robot/ros2_ws/src/bt_plansys_turtlebot/include
[43.541s] -- Configured cppcheck exclude dirs and/or files: 
[43.542s] -- Added test 'lint_cmake' to check CMake code style
[43.544s] -- Added test 'uncrustify' to check C / C++ code style
[43.544s] -- Configured uncrustify additional arguments: 
[43.545s] -- Added test 'xmllint' to check XML markup files
[43.546s] -- Configuring done
[43.631s] -- Generating done
[43.633s] -- Build files have been written to: /home/stinky/Documents/semantic-robot/ros2_ws/build/bt_plansys_turtlebot
[43.642s] Invoked command in '/home/stinky/Documents/semantic-robot/ros2_ws/build/bt_plansys_turtlebot' returned '0': CMAKE_PREFIX_PATH=${CMAKE_PREFIX_PATH}:/opt/ros/humble /usr/bin/cmake /home/stinky/Documents/semantic-robot/ros2_ws/src/bt_plansys_turtlebot -DAMENT_CMAKE_SYMLINK_INSTALL=1 -DCMAKE_INSTALL_PREFIX=/home/stinky/Documents/semantic-robot/ros2_ws/install/bt_plansys_turtlebot
[43.644s] Invoking command in '/home/stinky/Documents/semantic-robot/ros2_ws/build/bt_plansys_turtlebot': CMAKE_PREFIX_PATH=${CMAKE_PREFIX_PATH}:/opt/ros/humble /usr/bin/cmake --build /home/stinky/Documents/semantic-robot/ros2_ws/build/bt_plansys_turtlebot -- -j12 -l12
[43.685s] [ 25%] [32mBuilding CXX object CMakeFiles/approach_pallet_bt_node.dir/src/bt_nodes/ApproachPallet.cpp.o[0m
[43.686s] [ 25%] [32mBuilding CXX object CMakeFiles/move_bt_node.dir/src/bt_nodes/Move.cpp.o[0m
[43.686s] [ 33%] [32mBuilding CXX object CMakeFiles/lower_fork_bt_node.dir/src/bt_nodes/LowerFork.cpp.o[0m
[43.686s] [ 33%] [32mBuilding CXX object CMakeFiles/hello_world_node.dir/src/hello_world_node.cpp.o[0m
[43.686s] [ 41%] [32mBuilding CXX object CMakeFiles/recharge_bt_node.dir/src/bt_nodes/Recharge.cpp.o[0m
[43.686s] [ 50%] [32mBuilding CXX object CMakeFiles/lift_fork_bt_node.dir/src/bt_nodes/LiftFork.cpp.o[0m
[43.692s] [01m[K/home/stinky/Documents/semantic-robot/ros2_ws/src/bt_plansys_turtlebot/src/hello_world_node.cpp:3:10:[m[K [01;31m[Kfatal error: [m[Krclcpp/rclcpp.hpp: No such file or directory
[43.692s]     3 | #include [01;31m[K"rclcpp/rclcpp.hpp"[m[K
[43.692s]       |          [01;31m[K^~~~~~~~~~~~~~~~~~~[m[K
[43.692s] compilation terminated.
[43.692s] gmake[2]: *** [CMakeFiles/hello_world_node.dir/build.make:76: CMakeFiles/hello_world_node.dir/src/hello_world_node.cpp.o] Error 1
[43.693s] gmake[1]: *** [CMakeFiles/Makefile2:277: CMakeFiles/hello_world_node.dir/all] Error 2
[43.693s] gmake[1]: *** Waiting for unfinished jobs....
[43.693s] [01m[K/home/stinky/Documents/semantic-robot/ros2_ws/src/bt_plansys_turtlebot/src/bt_nodes/LowerFork.cpp:1:10:[m[K [01;31m[Kfatal error: [m[KLowerFork.hpp: No such file or directory
[43.693s]     1 | #include [01;31m[K"LowerFork.hpp"[m[K
[43.693s]       |          [01;31m[K^~~~~~~~~~~~~~~[m[K
[43.693s] [01m[K/home/stinky/Documents/semantic-robot/ros2_ws/src/bt_plansys_turtlebot/src/bt_nodes/LiftFork.cpp:1:10:[m[K [01;31m[Kfatal error: [m[KLiftFork.hpp: No such file or directory
[43.693s]     1 | #include [01;31m[K"LiftFork.hpp"[m[K
[43.693s]       |          [01;31m[K^~~~~~~~~~~~~~[m[K
[43.693s] compilation terminated.
[43.693s] compilation terminated.
[43.693s] [01m[K/home/stinky/Documents/semantic-robot/ros2_ws/src/bt_plansys_turtlebot/src/bt_nodes/Move.cpp:1:10:[m[K [01;31m[Kfatal error: [m[KMove.hpp: No such file or directory
[43.694s]     1 | #include [01;31m[K"Move.hpp"[m[K
[43.694s]       |          [01;31m[K^~~~~~~~~~[m[K
[43.694s] compilation terminated.
[43.694s] [01m[K/home/stinky/Documents/semantic-robot/ros2_ws/src/bt_plansys_turtlebot/src/bt_nodes/ApproachPallet.cpp:1:10:[m[K [01;31m[Kfatal error: [m[KApproachPallet.hpp: No such file or directory
[43.694s]     1 | #include [01;31m[K"ApproachPallet.hpp"[m[K
[43.694s]       |          [01;31m[K^~~~~~~~~~~~~~~~~~~~[m[K
[43.694s] [01m[K/home/stinky/Documents/semantic-robot/ros2_ws/src/bt_plansys_turtlebot/src/bt_nodes/Recharge.cpp:1:10:[m[K [01;31m[Kfatal error: [m[KRecharge.hpp: No such file or directory
[43.694s]     1 | #include [01;31m[K"Recharge.hpp"[m[K
[43.694s]       |          [01;31m[K^~~~~~~~~~~~~~[m[K
[43.694s] compilation terminated.
[43.694s] compilation terminated.
[43.694s] gmake[2]: *** [CMakeFiles/lift_fork_bt_node.dir/build.make:76: CMakeFiles/lift_fork_bt_node.dir/src/bt_nodes/LiftFork.cpp.o] Error 1
[43.694s] gmake[2]: *** [CMakeFiles/lower_fork_bt_node.dir/build.make:76: CMakeFiles/lower_fork_bt_node.dir/src/bt_nodes/LowerFork.cpp.o] Error 1
[43.694s] gmake[1]: *** [CMakeFiles/Makefile2:225: CMakeFiles/lift_fork_bt_node.dir/all] Error 2
[43.694s] gmake[1]: *** [CMakeFiles/Makefile2:251: CMakeFiles/lower_fork_bt_node.dir/all] Error 2
[43.694s] gmake[2]: *** [CMakeFiles/approach_pallet_bt_node.dir/build.make:76: CMakeFiles/approach_pallet_bt_node.dir/src/bt_nodes/ApproachPallet.cpp.o] Error 1
[43.694s] gmake[2]: *** [CMakeFiles/move_bt_node.dir/build.make:76: CMakeFiles/move_bt_node.dir/src/bt_nodes/Move.cpp.o] Error 1
[43.695s] gmake[2]: *** [CMakeFiles/recharge_bt_node.dir/build.make:76: CMakeFiles/recharge_bt_node.dir/src/bt_nodes/Recharge.cpp.o] Error 1
[43.695s] gmake[1]: *** [CMakeFiles/Makefile2:173: CMakeFiles/approach_pallet_bt_node.dir/all] Error 2
[43.695s] gmake[1]: *** [CMakeFiles/Makefile2:147: CMakeFiles/move_bt_node.dir/all] Error 2
[43.695s] gmake[1]: *** [CMakeFiles/Makefile2:199: CMakeFiles/recharge_bt_node.dir/all] Error 2
[43.695s] gmake: *** [Makefile:146: all] Error 2
[43.696s] Invoked command in '/home/stinky/Documents/semantic-robot/ros2_ws/build/bt_plansys_turtlebot' returned '2': CMAKE_PREFIX_PATH=${CMAKE_PREFIX_PATH}:/opt/ros/humble /usr/bin/cmake --build /home/stinky/Documents/semantic-robot/ros2_ws/build/bt_plansys_turtlebot -- -j12 -l12
