[01m[K/home/stinky/Documents/semantic-robot/ros2_ws/src/bt_plansys_turtlebot/src/hello_world_node.cpp:1:10:[m[K [01;31m[Kfatal error: [m[Krclcpp/rclcpp.hpp: No such file or directory
    1 | #include [01;31m[K"rclcpp/rclcpp.hpp"[m[K
      |          [01;31m[K^~~~~~~~~~~~~~~~~~~[m[K
compilation terminated.
In file included from [01m[K/home/stinky/Documents/semantic-robot/ros2_ws/src/bt_plansys_turtlebot/src/bt_nodes/Move.cpp:1[m[K:
[01m[K/home/stinky/Documents/semantic-robot/ros2_ws/src/bt_plansys_turtlebot/include/bt_plansys_turtlebot/bt_nodes/Move.hpp:4:10:[m[K [01;31m[Kfatal error: [m[Kbehaviortree_cpp/bt_factory.h: No such file or directory
    4 | #include [01;31m[K"behaviortree_cpp/bt_factory.h"[m[K
      |          [01;31m[K^~~~~~~~~~~~~~~~~~~~~~~~~~~~~~~[m[K
compilation terminated.
gmake[2]: *** [CMakeFiles/hello_world_node.dir/build.make:76: CMakeFiles/hello_world_node.dir/src/hello_world_node.cpp.o] Error 1
In file included from [01m[K/home/stinky/Documents/semantic-robot/ros2_ws/src/bt_plansys_turtlebot/src/bt_nodes/Recharge.cpp:1[m[K:
[01m[K/home/stinky/Documents/semantic-robot/ros2_ws/src/bt_plansys_turtlebot/include/bt_plansys_turtlebot/bt_nodes/Recharge.hpp:4:10:[m[K [01;31m[Kfatal error: [m[Kbehaviortree_cpp/bt_factory.h: No such file or directory
    4 | #include [01;31m[K"behaviortree_cpp/bt_factory.h"[m[K
      |          [01;31m[K^~~~~~~~~~~~~~~~~~~~~~~~~~~~~~~[m[K
compilation terminated.
In file included from [01m[K/home/stinky/Documents/semantic-robot/ros2_ws/src/bt_plansys_turtlebot/src/bt_nodes/LowerFork.cpp:1[m[K:
[01m[K/home/stinky/Documents/semantic-robot/ros2_ws/src/bt_plansys_turtlebot/include/bt_plansys_turtlebot/bt_nodes/LowerFork.hpp:4:10:[m[K [01;31m[Kfatal error: [m[Kbehaviortree_cpp/bt_factory.h: No such file or directory
    4 | #include [01;31m[K"behaviortree_cpp/bt_factory.h"[m[K
      |          [01;31m[K^~~~~~~~~~~~~~~~~~~~~~~~~~~~~~~[m[K
compilation terminated.
gmake[1]: *** [CMakeFiles/Makefile2:277: CMakeFiles/hello_world_node.dir/all] Error 2
gmake[1]: *** Waiting for unfinished jobs....
In file included from [01m[K/home/stinky/Documents/semantic-robot/ros2_ws/src/bt_plansys_turtlebot/src/bt_nodes/ApproachPallet.cpp:1[m[K:
[01m[K/home/stinky/Documents/semantic-robot/ros2_ws/src/bt_plansys_turtlebot/include/bt_plansys_turtlebot/bt_nodes/ApproachPallet.hpp:4:10:[m[K [01;31m[Kfatal error: [m[Kbehaviortree_cpp/bt_factory.h: No such file or directory
    4 | #include [01;31m[K"behaviortree_cpp/bt_factory.h"[m[K
      |          [01;31m[K^~~~~~~~~~~~~~~~~~~~~~~~~~~~~~~[m[K
compilation terminated.
gmake[2]: *** [CMakeFiles/move_bt_node.dir/build.make:76: CMakeFiles/move_bt_node.dir/src/bt_nodes/Move.cpp.o] Error 1
gmake[2]: *** [CMakeFiles/recharge_bt_node.dir/build.make:76: CMakeFiles/recharge_bt_node.dir/src/bt_nodes/Recharge.cpp.o] Error 1
gmake[1]: *** [CMakeFiles/Makefile2:147: CMakeFiles/move_bt_node.dir/all] Error 2
gmake[1]: *** [CMakeFiles/Makefile2:199: CMakeFiles/recharge_bt_node.dir/all] Error 2
gmake[2]: *** [CMakeFiles/lower_fork_bt_node.dir/build.make:76: CMakeFiles/lower_fork_bt_node.dir/src/bt_nodes/LowerFork.cpp.o] Error 1
In file included from [01m[K/home/stinky/Documents/semantic-robot/ros2_ws/src/bt_plansys_turtlebot/src/bt_nodes/LiftFork.cpp:1[m[K:
[01m[K/home/stinky/Documents/semantic-robot/ros2_ws/src/bt_plansys_turtlebot/include/bt_plansys_turtlebot/bt_nodes/LiftFork.hpp:4:10:[m[K [01;31m[Kfatal error: [m[Kbehaviortree_cpp/bt_factory.h: No such file or directory
    4 | #include [01;31m[K"behaviortree_cpp/bt_factory.h"[m[K
      |          [01;31m[K^~~~~~~~~~~~~~~~~~~~~~~~~~~~~~~[m[K
compilation terminated.
gmake[1]: *** [CMakeFiles/Makefile2:251: CMakeFiles/lower_fork_bt_node.dir/all] Error 2
gmake[2]: *** [CMakeFiles/approach_pallet_bt_node.dir/build.make:76: CMakeFiles/approach_pallet_bt_node.dir/src/bt_nodes/ApproachPallet.cpp.o] Error 1
gmake[1]: *** [CMakeFiles/Makefile2:173: CMakeFiles/approach_pallet_bt_node.dir/all] Error 2
gmake[2]: *** [CMakeFiles/lift_fork_bt_node.dir/build.make:76: CMakeFiles/lift_fork_bt_node.dir/src/bt_nodes/LiftFork.cpp.o] Error 1
gmake[1]: *** [CMakeFiles/Makefile2:225: CMakeFiles/lift_fork_bt_node.dir/all] Error 2
gmake: *** [Makefile:146: all] Error 2
