[01m[K/home/stinky/Documents/semantic-robot/ros2_ws/src/bt_plansys_turtlebot/src/bt_nodes/Move.cpp:13:1:[m[K [01;31m[Kerror: [m[Kâ€˜[01m[Kbt_plansys_turtlebot[m[Kâ€™ does not name a type
   13 | [01;31m[Kbt_plansys_turtlebot[m[K::Move::Move(const std::string &xml_tag,
      | [01;31m[K^~~~~~~~~~~~~~~~~~~~[m[K
gmake[2]: *** [CMakeFiles/move_bt_node.dir/build.make:76: CMakeFiles/move_bt_node.dir/src/bt_nodes/Move.cpp.o] Error 1
gmake[1]: *** [CMakeFiles/Makefile2:147: CMakeFiles/move_bt_node.dir/all] Error 2
gmake: *** [Makefile:146: all] Error 2
