[0.084s] Invoking command in '/home/stinky/Documents/semantic-robot/ros2_ws/build/bt_plansys_turtlebot': CMAKE_PREFIX_PATH=${CMAKE_PREFIX_PATH}:/opt/ros/humble CONDA_PROMPT_MODIFIER=(base) /usr/bin/cmake --build /home/stinky/Documents/semantic-robot/ros2_ws/build/bt_plansys_turtlebot -- -j12 -l12
[0.122s] [35m[1mConsolidate compiler generated dependencies of target move_bt_node[0m
[0.129s] [ 16%] Built target approach_pallet_bt_node
[0.132s] [ 33%] Built target lower_fork_bt_node
[0.133s] [ 50%] Built target lift_fork_bt_node
[0.134s] [ 66%] Built target recharge_bt_node
[0.136s] [ 83%] Built target hello_world_node
[0.147s] [ 91%] [32mBuilding CXX object CMakeFiles/move_bt_node.dir/src/bt_nodes/Move.cpp.o[0m
[2.191s] [01m[K/home/stinky/Documents/semantic-robot/ros2_ws/src/bt_plansys_turtlebot/src/bt_nodes/Move.cpp:13:1:[m[K [01;31m[Kerror: [m[Kâ€˜[01m[Kbt_plansys_turtlebot[m[Kâ€™ does not name a type
[2.191s]    13 | [01;31m[Kbt_plansys_turtlebot[m[K::Move::Move(const std::string &xml_tag,
[2.191s]       | [01;31m[K^~~~~~~~~~~~~~~~~~~~[m[K
[2.622s] gmake[2]: *** [CMakeFiles/move_bt_node.dir/build.make:76: CMakeFiles/move_bt_node.dir/src/bt_nodes/Move.cpp.o] Error 1
[2.622s] gmake[1]: *** [CMakeFiles/Makefile2:147: CMakeFiles/move_bt_node.dir/all] Error 2
[2.622s] gmake: *** [Makefile:146: all] Error 2
[2.625s] Invoked command in '/home/stinky/Documents/semantic-robot/ros2_ws/build/bt_plansys_turtlebot' returned '2': CMAKE_PREFIX_PATH=${CMAKE_PREFIX_PATH}:/opt/ros/humble CONDA_PROMPT_MODIFIER=(base) /usr/bin/cmake --build /home/stinky/Documents/semantic-robot/ros2_ws/build/bt_plansys_turtlebot -- -j12 -l12
