[0.084s] Invoking command in '/home/stinky/Documents/semantic-robot/ros2_ws/build/bt_plansys_turtlebot': CMAKE_PREFIX_PATH=${CMAKE_PREFIX_PATH}:/opt/ros/humble /usr/bin/cmake --build /home/stinky/Documents/semantic-robot/ros2_ws/build/bt_plansys_turtlebot -- -j12 -l12
[0.124s] [35m[1mConsolidate compiler generated dependencies of target nav2_action_server_node[0m
[0.129s] [ 16%] Built target lower_fork_bt_node
[0.130s] [ 33%] Built target approach_pallet_bt_node
[0.130s] [ 50%] Built target lift_fork_bt_node
[0.130s] [ 66%] Built target recharge_bt_node
[0.133s] [ 83%] Built target navigate_bt_node
[0.144s] [ 91%] [32mBuilding CXX object CMakeFiles/nav2_action_server_node.dir/src/nav2_action_server_node.cpp.o[0m
[1.850s] [01m[K/home/stinky/Documents/semantic-robot/ros2_ws/src/bt_plansys_turtlebot/src/nav2_action_server_node.cpp:[m[K In member function â€˜[01m[Krclcpp_action::GoalResponse Nav2ActionServerNode::handle_goal(const GoalUUID&, std::shared_ptr<const nav2_msgs::action::NavigateToPose_Goal_<std::allocator<void> > >)[m[Kâ€™:
[1.851s] [01m[K/home/stinky/Documents/semantic-robot/ros2_ws/src/bt_plansys_turtlebot/src/nav2_action_server_node.cpp:18:34:[m[K [01;35m[Kwarning: [m[Kunused parameter â€˜[01m[Kuuid[m[Kâ€™ [[01;35m[K]8;;https://gcc.gnu.org/onlinedocs/gcc/Warning-Options.html#index-Wunused-parameter-Wunused-parameter]8;;[m[K]
[1.851s]    18 |   [01;35m[Kconst rclcpp_action::GoalUUID &uuid[m[K,
[1.851s]       |   [01;35m[K~~~~~~~~~~~~~~~~~~~~~~~~~~~~~~~^~~~[m[K
[1.851s] [01m[K/home/stinky/Documents/semantic-robot/ros2_ws/src/bt_plansys_turtlebot/src/nav2_action_server_node.cpp:19:66:[m[K [01;35m[Kwarning: [m[Kunused parameter â€˜[01m[Kgoal[m[Kâ€™ [[01;35m[K]8;;https://gcc.gnu.org/onlinedocs/gcc/Warning-Options.html#index-Wunused-parameter-Wunused-parameter]8;;[m[K]
[1.851s]    19 |   [01;35m[Kstd::shared_ptr<const nav2_msgs::action::NavigateToPose::Goal> goal[m[K){
[1.851s]       |   [01;35m[K~~~~~~~~~~~~~~~~~~~~~~~~~~~~~~~~~~~~~~~~~~~~~~~~~~~~~~~~~~~~~~~^~~~[m[K
[1.851s] [01m[K/home/stinky/Documents/semantic-robot/ros2_ws/src/bt_plansys_turtlebot/src/nav2_action_server_node.cpp:[m[K In member function â€˜[01m[Krclcpp_action::CancelResponse Nav2ActionServerNode::handle_cancel(std::shared_ptr<rclcpp_action::ServerGoalHandle<nav2_msgs::action::NavigateToPose> >)[m[Kâ€™:
[1.851s] [01m[K/home/stinky/Documents/semantic-robot/ros2_ws/src/bt_plansys_turtlebot/src/nav2_action_server_node.cpp:25:40:[m[K [01;35m[Kwarning: [m[Kunused parameter â€˜[01m[Kgoal_handle[m[Kâ€™ [[01;35m[K]8;;https://gcc.gnu.org/onlinedocs/gcc/Warning-Options.html#index-Wunused-parameter-Wunused-parameter]8;;[m[K]
[1.851s]    24 |   [01;35m[Kconst std::shared_ptr<rclcpp_action::ServerGoalHandle[m[K
[1.851s]       |   [01;35m[K~~~~~~~~~~~~~~~~~~~~~~~~~~~~~~~~~~~~~~~~~~~~~~~~~~~~~[m[K
[1.851s]    25 | [01;35m[K  <nav2_msgs::action::NavigateToPose>> goal_handle[m[K){
[1.851s]       |   [01;35m[K~~~~~~~~~~~~~~~~~~~~~~~~~~~~~~~~~~~~~^~~~~~~~~~~[m[K
[1.851s] [01m[K/home/stinky/Documents/semantic-robot/ros2_ws/src/bt_plansys_turtlebot/src/nav2_action_server_node.cpp:[m[K In function â€˜[01m[Kint main(int, char**)[m[Kâ€™:
[1.851s] [01m[K/home/stinky/Documents/semantic-robot/ros2_ws/src/bt_plansys_turtlebot/src/nav2_action_server_node.cpp:33:14:[m[K [01;35m[Kwarning: [m[Kunused parameter â€˜[01m[Kargc[m[Kâ€™ [[01;35m[K]8;;https://gcc.gnu.org/onlinedocs/gcc/Warning-Options.html#index-Wunused-parameter-Wunused-parameter]8;;[m[K]
[1.851s]    33 | int main([01;35m[Kint argc[m[K, char * argv[])
[1.851s]       |          [01;35m[K~~~~^~~~[m[K
[1.851s] [01m[K/home/stinky/Documents/semantic-robot/ros2_ws/src/bt_plansys_turtlebot/src/nav2_action_server_node.cpp:33:27:[m[K [01;35m[Kwarning: [m[Kunused parameter â€˜[01m[Kargv[m[Kâ€™ [[01;35m[K]8;;https://gcc.gnu.org/onlinedocs/gcc/Warning-Options.html#index-Wunused-parameter-Wunused-parameter]8;;[m[K]
[1.851s]    33 | int main(int argc, [01;35m[Kchar * argv[][m[K)
[1.852s]       |                    [01;35m[K~~~~~~~^~~~~~[m[K
[2.521s] [100%] [32m[1mLinking CXX executable nav2_action_server_node[0m
[2.645s] /usr/bin/ld: CMakeFiles/nav2_action_server_node.dir/src/nav2_action_server_node.cpp.o: in function `Nav2ActionServerNode::start_server()':
[2.645s] nav2_action_server_node.cpp:(.text+0x6e): undefined reference to `Nav2ActionServerNode::handle_accepted(std::shared_ptr<rclcpp_action::ServerGoalHandle<nav2_msgs::action::NavigateToPose> >)'
[2.654s] collect2: error: ld returned 1 exit status
[2.656s] gmake[2]: *** [CMakeFiles/nav2_action_server_node.dir/build.make:329: nav2_action_server_node] Error 1
[2.656s] gmake[1]: *** [CMakeFiles/Makefile2:277: CMakeFiles/nav2_action_server_node.dir/all] Error 2
[2.656s] gmake: *** [Makefile:146: all] Error 2
[2.658s] Invoked command in '/home/stinky/Documents/semantic-robot/ros2_ws/build/bt_plansys_turtlebot' returned '2': CMAKE_PREFIX_PATH=${CMAKE_PREFIX_PATH}:/opt/ros/humble /usr/bin/cmake --build /home/stinky/Documents/semantic-robot/ros2_ws/build/bt_plansys_turtlebot -- -j12 -l12
