[01m[K/home/stinky/Documents/semantic-robot/ros2_ws/src/bt_plansys_turtlebot/src/nav2_action_server_node.cpp:17:29:[m[K [01;31m[Kerror: [m[Kno declaration matches â€˜[01m[Krclcpp_action::GoalResponse Nav2ActionServerNode::handle_goal(const GoalUUID&, std::shared_ptr<const nav2_msgs::action::NavigateToPose>)[m[Kâ€™
   17 | rclcpp_action::GoalResponse [01;31m[KNav2ActionServerNode[m[K::handle_goal(
      |                             [01;31m[K^~~~~~~~~~~~~~~~~~~~[m[K
In file included from [01m[K/home/stinky/Documents/semantic-robot/ros2_ws/src/bt_plansys_turtlebot/src/nav2_action_server_node.cpp:1[m[K:
[01m[K/home/stinky/Documents/semantic-robot/ros2_ws/src/bt_plansys_turtlebot/include/bt_plansys_turtlebot/nav2_action_server_node.hpp:21:37:[m[K [01;36m[Knote: [m[Kcandidate is: â€˜[01m[Krclcpp_action::GoalResponse Nav2ActionServerNode::handle_goal(const GoalUUID&, std::shared_ptr<const nav2_msgs::action::NavigateToPose_Goal_<std::allocator<void> > >)[m[Kâ€™
   21 |         rclcpp_action::GoalResponse [01;36m[Khandle_goal[m[K(
      |                                     [01;36m[K^~~~~~~~~~~[m[K
[01m[K/home/stinky/Documents/semantic-robot/ros2_ws/src/bt_plansys_turtlebot/include/bt_plansys_turtlebot/nav2_action_server_node.hpp:11:7:[m[K [01;36m[Knote: [m[Kâ€˜[01m[Kclass Nav2ActionServerNode[m[Kâ€™ defined here
   11 | class [01;36m[KNav2ActionServerNode[m[K : public rclcpp::Node
      |       [01;36m[K^~~~~~~~~~~~~~~~~~~~[m[K
[01m[K/home/stinky/Documents/semantic-robot/ros2_ws/src/bt_plansys_turtlebot/src/nav2_action_server_node.cpp:[m[K In function â€˜[01m[Kint main(int, char**)[m[Kâ€™:
[01m[K/home/stinky/Documents/semantic-robot/ros2_ws/src/bt_plansys_turtlebot/src/nav2_action_server_node.cpp:24:14:[m[K [01;35m[Kwarning: [m[Kunused parameter â€˜[01m[Kargc[m[Kâ€™ [[01;35m[K]8;;https://gcc.gnu.org/onlinedocs/gcc/Warning-Options.html#index-Wunused-parameter-Wunused-parameter]8;;[m[K]
   24 | int main([01;35m[Kint argc[m[K, char * argv[])
      |          [01;35m[K~~~~^~~~[m[K
[01m[K/home/stinky/Documents/semantic-robot/ros2_ws/src/bt_plansys_turtlebot/src/nav2_action_server_node.cpp:24:27:[m[K [01;35m[Kwarning: [m[Kunused parameter â€˜[01m[Kargv[m[Kâ€™ [[01;35m[K]8;;https://gcc.gnu.org/onlinedocs/gcc/Warning-Options.html#index-Wunused-parameter-Wunused-parameter]8;;[m[K]
   24 | int main(int argc, [01;35m[Kchar * argv[][m[K)
      |                    [01;35m[K~~~~~~~^~~~~~[m[K
gmake[2]: *** [CMakeFiles/nav2_action_server_node.dir/build.make:76: CMakeFiles/nav2_action_server_node.dir/src/nav2_action_server_node.cpp.o] Error 1
gmake[1]: *** [CMakeFiles/Makefile2:277: CMakeFiles/nav2_action_server_node.dir/all] Error 2
gmake: *** [Makefile:146: all] Error 2
