[0.080s] Invoking command in '/home/stinky/Documents/semantic-robot/ros2_ws/build/bt_plansys_turtlebot': CMAKE_PREFIX_PATH=${CMAKE_PREFIX_PATH}:/opt/ros/humble /usr/bin/cmake /home/stinky/Documents/semantic-robot/ros2_ws/src/bt_plansys_turtlebot -DCMAKE_INSTALL_PREFIX=/home/stinky/Documents/semantic-robot/ros2_ws/install/bt_plansys_turtlebot
[0.088s] -- Found ament_cmake: 1.3.7 (/opt/ros/humble/share/ament_cmake/cmake)
[0.184s] -- Override CMake install command with custom implementation using symlinks instead of copying resources
[0.189s] -- Found ament_index_cpp: 1.4.0 (/opt/ros/humble/share/ament_index_cpp/cmake)
[0.190s] -- Found rclcpp: 16.0.8 (/opt/ros/humble/share/rclcpp/cmake)
[0.211s] -- Found rosidl_generator_c: 3.1.5 (/opt/ros/humble/share/rosidl_generator_c/cmake)
[0.213s] -- Found rosidl_adapter: 3.1.5 (/opt/ros/humble/share/rosidl_adapter/cmake)
[0.217s] -- Found rosidl_generator_cpp: 3.1.5 (/opt/ros/humble/share/rosidl_generator_cpp/cmake)
[0.225s] -- Using all available rosidl_typesupport_c: rosidl_typesupport_fastrtps_c;rosidl_typesupport_introspection_c
[0.235s] -- Using all available rosidl_typesupport_cpp: rosidl_typesupport_fastrtps_cpp;rosidl_typesupport_introspection_cpp
[0.276s] -- Found rmw_implementation_cmake: 6.1.1 (/opt/ros/humble/share/rmw_implementation_cmake/cmake)
[0.277s] -- Found rmw_cyclonedds_cpp: 1.3.4 (/opt/ros/humble/share/rmw_cyclonedds_cpp/cmake)
[0.299s] -- Using RMW implementation 'rmw_cyclonedds_cpp' as default
[0.406s] -- Found rclcpp_action: 16.0.8 (/opt/ros/humble/share/rclcpp_action/cmake)
[0.505s] -- Found geometry_msgs: 4.2.3 (/opt/ros/humble/share/geometry_msgs/cmake)
[0.536s] -- Found tf2_geometry_msgs: 0.25.5 (/opt/ros/humble/share/tf2_geometry_msgs/cmake)
[0.539s] -- Found eigen3_cmake_module: 0.1.1 (/opt/ros/humble/share/eigen3_cmake_module/cmake)
[0.541s] -- Ensuring Eigen3 include directory is part of orocos-kdl CMake target
[0.719s] -- Found nav2_msgs: 1.1.12 (/opt/ros/humble/share/nav2_msgs/cmake)
[0.902s] -- Found plansys2_msgs: 2.0.9 (/opt/ros/humble/share/plansys2_msgs/cmake)
[0.968s] -- Found plansys2_executor: 2.0.9 (/opt/ros/humble/share/plansys2_executor/cmake)
[2.853s] -- Found plansys2_bt_actions: 2.0.9 (/opt/ros/humble/share/plansys2_bt_actions/cmake)
[28.754s] -- Found ament_lint_auto: 0.12.10 (/opt/ros/humble/share/ament_lint_auto/cmake)
[28.804s] -- Added test 'cppcheck' to perform static code analysis on C / C++ code
[28.804s] -- Configured cppcheck include dirs: /home/stinky/Documents/semantic-robot/ros2_ws/src/bt_plansys_turtlebot/include
[28.804s] -- Configured cppcheck exclude dirs and/or files: 
[28.805s] -- Added test 'lint_cmake' to check CMake code style
[28.806s] -- Added test 'uncrustify' to check C / C++ code style
[28.807s] -- Configured uncrustify additional arguments: 
[28.807s] -- Added test 'xmllint' to check XML markup files
[28.808s] -- Configuring done
[28.890s] -- Generating done
[28.892s] -- Build files have been written to: /home/stinky/Documents/semantic-robot/ros2_ws/build/bt_plansys_turtlebot
[28.900s] Invoked command in '/home/stinky/Documents/semantic-robot/ros2_ws/build/bt_plansys_turtlebot' returned '0': CMAKE_PREFIX_PATH=${CMAKE_PREFIX_PATH}:/opt/ros/humble /usr/bin/cmake /home/stinky/Documents/semantic-robot/ros2_ws/src/bt_plansys_turtlebot -DCMAKE_INSTALL_PREFIX=/home/stinky/Documents/semantic-robot/ros2_ws/install/bt_plansys_turtlebot
[28.901s] Invoking command in '/home/stinky/Documents/semantic-robot/ros2_ws/build/bt_plansys_turtlebot': CMAKE_PREFIX_PATH=${CMAKE_PREFIX_PATH}:/opt/ros/humble /usr/bin/cmake --build /home/stinky/Documents/semantic-robot/ros2_ws/build/bt_plansys_turtlebot -- -j12 -l12
[28.944s] [ 50%] [32mBuilding CXX object CMakeFiles/move_bt_node.dir/src/bt_nodes/Move.cpp.o[0m
[28.944s] [ 50%] [32mBuilding CXX object CMakeFiles/hello_world_node.dir/src/hello_world_node.cpp.o[0m
[28.944s] [ 50%] [32mBuilding CXX object CMakeFiles/lift_fork_bt_node.dir/src/bt_nodes/LiftFork.cpp.o[0m
[28.944s] [ 50%] [32mBuilding CXX object CMakeFiles/approach_pallet_bt_node.dir/src/bt_nodes/ApproachPallet.cpp.o[0m
[28.944s] [ 50%] [32mBuilding CXX object CMakeFiles/lower_fork_bt_node.dir/src/bt_nodes/LowerFork.cpp.o[0m
[28.944s] [ 50%] [32mBuilding CXX object CMakeFiles/recharge_bt_node.dir/src/bt_nodes/Recharge.cpp.o[0m
[28.950s] [01m[K/home/stinky/Documents/semantic-robot/ros2_ws/src/bt_plansys_turtlebot/src/hello_world_node.cpp:3:10:[m[K [01;31m[Kfatal error: [m[Krclcpp/rclcpp.hpp: No such file or directory
[28.950s]     3 | #include [01;31m[K"rclcpp/rclcpp.hpp"[m[K
[28.950s]       |          [01;31m[K^~~~~~~~~~~~~~~~~~~[m[K
[28.950s] compilation terminated.
[28.951s] gmake[2]: *** [CMakeFiles/hello_world_node.dir/build.make:76: CMakeFiles/hello_world_node.dir/src/hello_world_node.cpp.o] Error 1
[28.951s] [01m[K/home/stinky/Documents/semantic-robot/ros2_ws/src/bt_plansys_turtlebot/src/bt_nodes/ApproachPallet.cpp:1:10:[m[K [01;31m[Kfatal error: [m[KApproachPallet.hpp: No such file or directory
[28.951s]     1 | #include [01;31m[K"ApproachPallet.hpp"[m[K
[28.951s]       |          [01;31m[K^~~~~~~~~~~~~~~~~~~~[m[K
[28.951s] compilation terminated.
[28.951s] gmake[1]: *** [CMakeFiles/Makefile2:277: CMakeFiles/hello_world_node.dir/all] Error 2
[28.951s] gmake[1]: *** Waiting for unfinished jobs....
[28.951s] [01m[K/home/stinky/Documents/semantic-robot/ros2_ws/src/bt_plansys_turtlebot/src/bt_nodes/Move.cpp:1:10:[m[K [01;31m[Kfatal error: [m[KMove.hpp: No such file or directory
[28.951s]     1 | #include [01;31m[K"Move.hpp"[m[K
[28.951s]       |          [01;31m[K^~~~~~~~~~[m[K
[28.951s] compilation terminated.
[28.952s] [01m[K/home/stinky/Documents/semantic-robot/ros2_ws/src/bt_plansys_turtlebot/src/bt_nodes/LiftFork.cpp:1:10:[m[K [01;31m[Kfatal error: [m[KLiftFork.hpp: No such file or directory
[28.952s]     1 | #include [01;31m[K"LiftFork.hpp"[m[K
[28.952s]       |          [01;31m[K^~~~~~~~~~~~~~[m[K
[28.952s] compilation terminated.
[28.952s] [01m[K/home/stinky/Documents/semantic-robot/ros2_ws/src/bt_plansys_turtlebot/src/bt_nodes/Recharge.cpp:1:10:[m[K [01;31m[Kfatal error: [m[KRecharge.hpp: No such file or directory
[28.952s]     1 | #include [01;31m[K"Recharge.hpp"[m[K
[28.952s]       |          [01;31m[K^~~~~~~~~~~~~~[m[K
[28.952s] compilation terminated.
[28.952s] gmake[2]: *** [CMakeFiles/approach_pallet_bt_node.dir/build.make:76: CMakeFiles/approach_pallet_bt_node.dir/src/bt_nodes/ApproachPallet.cpp.o] Error 1
[28.952s] [01m[K/home/stinky/Documents/semantic-robot/ros2_ws/src/bt_plansys_turtlebot/src/bt_nodes/LowerFork.cpp:1:10:[m[K [01;31m[Kfatal error: [m[KLowerFork.hpp: No such file or directory
[28.952s]     1 | #include [01;31m[K"LowerFork.hpp"[m[K
[28.952s]       |          [01;31m[K^~~~~~~~~~~~~~~[m[K
[28.952s] compilation terminated.
[28.952s] gmake[1]: *** [CMakeFiles/Makefile2:173: CMakeFiles/approach_pallet_bt_node.dir/all] Error 2
[28.952s] gmake[2]: *** [CMakeFiles/move_bt_node.dir/build.make:76: CMakeFiles/move_bt_node.dir/src/bt_nodes/Move.cpp.o] Error 1
[28.952s] gmake[2]: *** [CMakeFiles/lift_fork_bt_node.dir/build.make:76: CMakeFiles/lift_fork_bt_node.dir/src/bt_nodes/LiftFork.cpp.o] Error 1
[28.952s] gmake[1]: *** [CMakeFiles/Makefile2:147: CMakeFiles/move_bt_node.dir/all] Error 2
[28.952s] gmake[2]: *** [CMakeFiles/recharge_bt_node.dir/build.make:76: CMakeFiles/recharge_bt_node.dir/src/bt_nodes/Recharge.cpp.o] Error 1
[28.953s] gmake[1]: *** [CMakeFiles/Makefile2:225: CMakeFiles/lift_fork_bt_node.dir/all] Error 2
[28.953s] gmake[1]: *** [CMakeFiles/Makefile2:199: CMakeFiles/recharge_bt_node.dir/all] Error 2
[28.953s] gmake[2]: *** [CMakeFiles/lower_fork_bt_node.dir/build.make:76: CMakeFiles/lower_fork_bt_node.dir/src/bt_nodes/LowerFork.cpp.o] Error 1
[28.953s] gmake[1]: *** [CMakeFiles/Makefile2:251: CMakeFiles/lower_fork_bt_node.dir/all] Error 2
[28.953s] gmake: *** [Makefile:146: all] Error 2
[28.954s] Invoked command in '/home/stinky/Documents/semantic-robot/ros2_ws/build/bt_plansys_turtlebot' returned '2': CMAKE_PREFIX_PATH=${CMAKE_PREFIX_PATH}:/opt/ros/humble /usr/bin/cmake --build /home/stinky/Documents/semantic-robot/ros2_ws/build/bt_plansys_turtlebot -- -j12 -l12
