[0.081s] Invoking command in '/home/stinky/Documents/semantic-robot/ros2_ws/build/bt_plansys_turtlebot': CMAKE_PREFIX_PATH=${CMAKE_PREFIX_PATH}:/opt/ros/humble /usr/bin/cmake /home/stinky/Documents/semantic-robot/ros2_ws/src/bt_plansys_turtlebot -DAMENT_CMAKE_SYMLINK_INSTALL=1 -DCMAKE_INSTALL_PREFIX=/home/stinky/Documents/semantic-robot/ros2_ws/install/bt_plansys_turtlebot
[0.122s] -- The C compiler identification is GNU 11.4.0
[0.161s] -- The CXX compiler identification is GNU 11.4.0
[0.166s] -- Detecting C compiler ABI info
[0.219s] -- Detecting C compiler ABI info - done
[0.224s] -- Check for working C compiler: /usr/bin/cc - skipped
[0.224s] -- Detecting C compile features
[0.224s] -- Detecting C compile features - done
[0.227s] -- Detecting CXX compiler ABI info
[0.286s] -- Detecting CXX compiler ABI info - done
[0.291s] -- Check for working CXX compiler: /usr/bin/c++ - skipped
[0.291s] -- Detecting CXX compile features
[0.292s] -- Detecting CXX compile features - done
[0.295s] -- Found ament_cmake: 1.3.7 (/opt/ros/humble/share/ament_cmake/cmake)
[0.417s] -- Found Python3: /usr/bin/python3.10 (found version "3.10.12") found components: Interpreter 
[0.459s] -- Override CMake install command with custom implementation using symlinks instead of copying resources
[0.495s] -- Found ament_index_cpp: 1.4.0 (/opt/ros/humble/share/ament_index_cpp/cmake)
[0.498s] -- Found rclcpp: 16.0.8 (/opt/ros/humble/share/rclcpp/cmake)
[0.540s] -- Found rosidl_generator_c: 3.1.5 (/opt/ros/humble/share/rosidl_generator_c/cmake)
[0.546s] -- Found rosidl_adapter: 3.1.5 (/opt/ros/humble/share/rosidl_adapter/cmake)
[0.554s] -- Found rosidl_generator_cpp: 3.1.5 (/opt/ros/humble/share/rosidl_generator_cpp/cmake)
[0.566s] -- Using all available rosidl_typesupport_c: rosidl_typesupport_fastrtps_c;rosidl_typesupport_introspection_c
[0.584s] -- Using all available rosidl_typesupport_cpp: rosidl_typesupport_fastrtps_cpp;rosidl_typesupport_introspection_cpp
[0.644s] -- Found rmw_implementation_cmake: 6.1.1 (/opt/ros/humble/share/rmw_implementation_cmake/cmake)
[0.647s] -- Found rmw_cyclonedds_cpp: 1.3.4 (/opt/ros/humble/share/rmw_cyclonedds_cpp/cmake)
[0.675s] -- Using RMW implementation 'rmw_cyclonedds_cpp' as default
[0.686s] -- Looking for pthread.h
[0.743s] -- Looking for pthread.h - found
[0.743s] -- Performing Test CMAKE_HAVE_LIBC_PTHREAD
[0.799s] -- Performing Test CMAKE_HAVE_LIBC_PTHREAD - Success
[0.800s] -- Found Threads: TRUE  
[0.915s] -- Found rclcpp_action: 16.0.8 (/opt/ros/humble/share/rclcpp_action/cmake)
[0.985s] -- Found geometry_msgs: 4.2.3 (/opt/ros/humble/share/geometry_msgs/cmake)
[1.016s] -- Found tf2_geometry_msgs: 0.25.5 (/opt/ros/humble/share/tf2_geometry_msgs/cmake)
[1.034s] -- Found eigen3_cmake_module: 0.1.1 (/opt/ros/humble/share/eigen3_cmake_module/cmake)
[1.034s] -- Found Eigen3: TRUE (found version "3.4.0") 
[1.034s] -- Ensuring Eigen3 include directory is part of orocos-kdl CMake target
[1.230s] -- Found nav2_msgs: 1.1.12 (/opt/ros/humble/share/nav2_msgs/cmake)
[1.415s] -- Found plansys2_msgs: 2.0.9 (/opt/ros/humble/share/plansys2_msgs/cmake)
[1.481s] -- Found plansys2_executor: 2.0.9 (/opt/ros/humble/share/plansys2_executor/cmake)
[3.362s] -- Found plansys2_bt_actions: 2.0.9 (/opt/ros/humble/share/plansys2_bt_actions/cmake)
[28.874s] -- Found ament_lint_auto: 0.12.10 (/opt/ros/humble/share/ament_lint_auto/cmake)
[28.938s] -- Added test 'cppcheck' to perform static code analysis on C / C++ code
[28.939s] -- Configured cppcheck include dirs: /home/stinky/Documents/semantic-robot/ros2_ws/src/bt_plansys_turtlebot/include
[28.939s] -- Configured cppcheck exclude dirs and/or files: 
[28.940s] -- Added test 'lint_cmake' to check CMake code style
[28.941s] -- Added test 'uncrustify' to check C / C++ code style
[28.942s] -- Configured uncrustify additional arguments: 
[28.942s] -- Added test 'xmllint' to check XML markup files
[28.944s] -- Configuring done
[29.026s] -- Generating done
[29.028s] -- Build files have been written to: /home/stinky/Documents/semantic-robot/ros2_ws/build/bt_plansys_turtlebot
[29.037s] Invoked command in '/home/stinky/Documents/semantic-robot/ros2_ws/build/bt_plansys_turtlebot' returned '0': CMAKE_PREFIX_PATH=${CMAKE_PREFIX_PATH}:/opt/ros/humble /usr/bin/cmake /home/stinky/Documents/semantic-robot/ros2_ws/src/bt_plansys_turtlebot -DAMENT_CMAKE_SYMLINK_INSTALL=1 -DCMAKE_INSTALL_PREFIX=/home/stinky/Documents/semantic-robot/ros2_ws/install/bt_plansys_turtlebot
[29.039s] Invoking command in '/home/stinky/Documents/semantic-robot/ros2_ws/build/bt_plansys_turtlebot': CMAKE_PREFIX_PATH=${CMAKE_PREFIX_PATH}:/opt/ros/humble /usr/bin/cmake --build /home/stinky/Documents/semantic-robot/ros2_ws/build/bt_plansys_turtlebot -- -j12 -l12
[29.082s] [ 16%] [32mBuilding CXX object CMakeFiles/hello_world_node.dir/src/hello_world_node.cpp.o[0m
[29.082s] [ 16%] [32mBuilding CXX object CMakeFiles/move_bt_node.dir/src/bt_nodes/Move.cpp.o[0m
[29.082s] [ 25%] [32mBuilding CXX object CMakeFiles/lower_fork_bt_node.dir/src/bt_nodes/LowerFork.cpp.o[0m
[29.082s] [ 33%] [32mBuilding CXX object CMakeFiles/lift_fork_bt_node.dir/src/bt_nodes/LiftFork.cpp.o[0m
[29.084s] [ 41%] [32mBuilding CXX object CMakeFiles/approach_pallet_bt_node.dir/src/bt_nodes/ApproachPallet.cpp.o[0m
[29.084s] [ 50%] [32mBuilding CXX object CMakeFiles/recharge_bt_node.dir/src/bt_nodes/Recharge.cpp.o[0m
[29.088s] [01m[K/home/stinky/Documents/semantic-robot/ros2_ws/src/bt_plansys_turtlebot/src/hello_world_node.cpp:1:10:[m[K [01;31m[Kfatal error: [m[Krclcpp/rclcpp.hpp: No such file or directory
[29.088s]     1 | #include [01;31m[K"rclcpp/rclcpp.hpp"[m[K
[29.088s]       |          [01;31m[K^~~~~~~~~~~~~~~~~~~[m[K
[29.088s] compilation terminated.
[29.088s] gmake[2]: *** [CMakeFiles/hello_world_node.dir/build.make:76: CMakeFiles/hello_world_node.dir/src/hello_world_node.cpp.o] Error 1
[29.088s] In file included from [01m[K/home/stinky/Documents/semantic-robot/ros2_ws/src/bt_plansys_turtlebot/src/bt_nodes/Move.cpp:1[m[K:
[29.089s] [01m[K/home/stinky/Documents/semantic-robot/ros2_ws/src/bt_plansys_turtlebot/include/bt_plansys_turtlebot/bt_nodes/Move.hpp:4:10:[m[K [01;31m[Kfatal error: [m[Kbehaviortree_cpp/bt_factory.h: No such file or directory
[29.089s]     4 | #include [01;31m[K"behaviortree_cpp/bt_factory.h"[m[K
[29.089s]       |          [01;31m[K^~~~~~~~~~~~~~~~~~~~~~~~~~~~~~~[m[K
[29.089s] gmake[1]: *** [CMakeFiles/Makefile2:277: CMakeFiles/hello_world_node.dir/all] Error 2
[29.089s] compilation terminated.
[29.089s] gmake[1]: *** Waiting for unfinished jobs....
[29.089s] In file included from [01m[K/home/stinky/Documents/semantic-robot/ros2_ws/src/bt_plansys_turtlebot/src/bt_nodes/LowerFork.cpp:1[m[K:
[29.089s] [01m[K/home/stinky/Documents/semantic-robot/ros2_ws/src/bt_plansys_turtlebot/include/bt_plansys_turtlebot/bt_nodes/LowerFork.hpp:4:10:[m[K [01;31m[Kfatal error: [m[Kbehaviortree_cpp/bt_factory.h: No such file or directory
[29.089s]     4 | #include [01;31m[K"behaviortree_cpp/bt_factory.h"[m[K
[29.089s]       |          [01;31m[K^~~~~~~~~~~~~~~~~~~~~~~~~~~~~~~[m[K
[29.089s] compilation terminated.
[29.089s] In file included from [01m[K/home/stinky/Documents/semantic-robot/ros2_ws/src/bt_plansys_turtlebot/src/bt_nodes/LiftFork.cpp:1[m[K:
[29.090s] [01m[K/home/stinky/Documents/semantic-robot/ros2_ws/src/bt_plansys_turtlebot/include/bt_plansys_turtlebot/bt_nodes/LiftFork.hpp:4:10:[m[K [01;31m[Kfatal error: [m[Kbehaviortree_cpp/bt_factory.h: No such file or directory
[29.090s]     4 | #include [01;31m[K"behaviortree_cpp/bt_factory.h"[m[K
[29.090s]       |          [01;31m[K^~~~~~~~~~~~~~~~~~~~~~~~~~~~~~~[m[K
[29.090s] compilation terminated.
[29.090s] gmake[2]: *** [CMakeFiles/move_bt_node.dir/build.make:76: CMakeFiles/move_bt_node.dir/src/bt_nodes/Move.cpp.o] Error 1
[29.090s] gmake[1]: *** [CMakeFiles/Makefile2:147: CMakeFiles/move_bt_node.dir/all] Error 2
[29.090s] gmake[2]: *** [CMakeFiles/lower_fork_bt_node.dir/build.make:76: CMakeFiles/lower_fork_bt_node.dir/src/bt_nodes/LowerFork.cpp.o] Error 1
[29.090s] gmake[2]: *** [CMakeFiles/lift_fork_bt_node.dir/build.make:76: CMakeFiles/lift_fork_bt_node.dir/src/bt_nodes/LiftFork.cpp.o] Error 1
[29.090s] gmake[1]: *** [CMakeFiles/Makefile2:251: CMakeFiles/lower_fork_bt_node.dir/all] Error 2
[29.090s] gmake[1]: *** [CMakeFiles/Makefile2:225: CMakeFiles/lift_fork_bt_node.dir/all] Error 2
[29.091s] In file included from [01m[K/home/stinky/Documents/semantic-robot/ros2_ws/src/bt_plansys_turtlebot/src/bt_nodes/Recharge.cpp:1[m[K:
[29.091s] [01m[K/home/stinky/Documents/semantic-robot/ros2_ws/src/bt_plansys_turtlebot/include/bt_plansys_turtlebot/bt_nodes/Recharge.hpp:4:10:[m[K [01;31m[Kfatal error: [m[Kbehaviortree_cpp/bt_factory.h: No such file or directory
[29.091s]     4 | #include [01;31m[K"behaviortree_cpp/bt_factory.h"[m[K
[29.091s]       |          [01;31m[K^~~~~~~~~~~~~~~~~~~~~~~~~~~~~~~[m[K
[29.091s] compilation terminated.
[29.091s] gmake[2]: *** [CMakeFiles/recharge_bt_node.dir/build.make:76: CMakeFiles/recharge_bt_node.dir/src/bt_nodes/Recharge.cpp.o] Error 1
[29.091s] gmake[1]: *** [CMakeFiles/Makefile2:199: CMakeFiles/recharge_bt_node.dir/all] Error 2
[29.092s] In file included from [01m[K/home/stinky/Documents/semantic-robot/ros2_ws/src/bt_plansys_turtlebot/src/bt_nodes/ApproachPallet.cpp:1[m[K:
[29.092s] [01m[K/home/stinky/Documents/semantic-robot/ros2_ws/src/bt_plansys_turtlebot/include/bt_plansys_turtlebot/bt_nodes/ApproachPallet.hpp:4:10:[m[K [01;31m[Kfatal error: [m[Kbehaviortree_cpp/bt_factory.h: No such file or directory
[29.092s]     4 | #include [01;31m[K"behaviortree_cpp/bt_factory.h"[m[K
[29.092s]       |          [01;31m[K^~~~~~~~~~~~~~~~~~~~~~~~~~~~~~~[m[K
[29.092s] compilation terminated.
[29.093s] gmake[2]: *** [CMakeFiles/approach_pallet_bt_node.dir/build.make:76: CMakeFiles/approach_pallet_bt_node.dir/src/bt_nodes/ApproachPallet.cpp.o] Error 1
[29.093s] gmake[1]: *** [CMakeFiles/Makefile2:173: CMakeFiles/approach_pallet_bt_node.dir/all] Error 2
[29.093s] gmake: *** [Makefile:146: all] Error 2
[29.095s] Invoked command in '/home/stinky/Documents/semantic-robot/ros2_ws/build/bt_plansys_turtlebot' returned '2': CMAKE_PREFIX_PATH=${CMAKE_PREFIX_PATH}:/opt/ros/humble /usr/bin/cmake --build /home/stinky/Documents/semantic-robot/ros2_ws/build/bt_plansys_turtlebot -- -j12 -l12
