[0.087s] Invoking command in '/home/stinky/Documents/semantic-robot/ros2_ws/build/turtlebot3_gazebo': CMAKE_PREFIX_PATH=/opt/ros/humble /usr/bin/cmake /home/stinky/Documents/semantic-robot/ros2_ws/src/turtlebot3/turtlebot3_simulations/turtlebot3_gazebo -DAMENT_CMAKE_SYMLINK_INSTALL=1 -DCMAKE_INSTALL_PREFIX=/home/stinky/Documents/semantic-robot/ros2_ws/install/turtlebot3_gazebo
[0.183s] -- The C compiler identification is GNU 11.4.0
[0.269s] -- The CXX compiler identification is GNU 11.4.0
[0.279s] -- Detecting C compiler ABI info
[0.355s] -- Detecting C compiler ABI info - done
[0.363s] -- Check for working C compiler: /usr/bin/cc - skipped
[0.364s] -- Detecting C compile features
[0.365s] -- Detecting C compile features - done
[0.368s] -- Detecting CXX compiler ABI info
[0.450s] -- Detecting CXX compiler ABI info - done
[0.461s] -- Check for working CXX compiler: /usr/bin/c++ - skipped
[0.461s] -- Detecting CXX compile features
[0.462s] -- Detecting CXX compile features - done
[0.468s] -- Found ament_cmake: 1.3.8 (/opt/ros/humble/share/ament_cmake/cmake)
[0.647s] -- Found Python3: /usr/bin/python3 (found version "3.10.12") found components: Interpreter 
[0.722s] -- Override CMake install command with custom implementation using symlinks instead of copying resources
[0.772s] [33mCMake Warning (dev) at /usr/share/cmake-3.22/Modules/FindPackageHandleStandardArgs.cmake:438 (message):
[0.773s]   The package name passed to `find_package_handle_standard_args` (PkgConfig)
[0.773s]   does not match the name of the calling package (gazebo).  This can lead to
[0.773s]   problems in calling code that expects `find_package` result variables
[0.773s]   (e.g., `_FOUND`) to follow a certain pattern.
[0.773s] Call Stack (most recent call first):
[0.773s]   /usr/share/cmake-3.22/Modules/FindPkgConfig.cmake:99 (find_package_handle_standard_args)
[0.773s]   /usr/lib/x86_64-linux-gnu/cmake/gazebo/gazebo-config.cmake:72 (include)
[0.773s]   CMakeLists.txt:23 (find_package)
[0.773s] This warning is for project developers.  Use -Wno-dev to suppress it.
[0.773s] [0m
[0.773s] -- Found PkgConfig: /usr/bin/pkg-config (found version "0.29.2") 
[0.778s] -- Checking for module 'bullet>=2.82'
[0.790s] --   Found bullet, version 3.05
[0.897s] -- Found fcl: /usr/include (found suitable version "0.7.0", minimum required is "0.5.0") 
[0.949s] -- Found assimp: /usr/include (found version "5.2.0") 
[0.978s] -- Found DART: /usr/include (Required is at least version "6.6") found components: dart 
[1.184s] -- Found Boost: /usr/lib/x86_64-linux-gnu/cmake/Boost-1.74.0/BoostConfig.cmake (found suitable version "1.74.0", minimum required is "1.40.0") found components: thread system filesystem program_options regex iostreams date_time 
[1.208s] -- Found Protobuf: /usr/lib/x86_64-linux-gnu/libprotobuf.so (found version "3.12.4") 
[1.217s] -- Looking for ignition-math6 -- found version 6.15.1
[1.229s] -- Searching for dependencies of ignition-math6
[1.232s] -- Looking for OGRE...
[1.233s] -- OGRE_PREFIX_WATCH changed.
[1.238s] -- Checking for module 'OGRE'
[1.253s] --   Found OGRE, version 1.9.0
[1.288s] -- Found Ogre Ghadamon (1.9.0)
[1.306s] -- Found OGRE: optimized;/usr/lib/x86_64-linux-gnu/libOgreMain.so;debug;/usr/lib/x86_64-linux-gnu/libOgreMain.so
[1.322s] -- Looking for OGRE_Paging...
[1.333s] -- Found OGRE_Paging: optimized;/usr/lib/x86_64-linux-gnu/libOgrePaging.so;debug;/usr/lib/x86_64-linux-gnu/libOgrePaging.so
[1.334s] -- Looking for OGRE_Terrain...
[1.340s] -- Found OGRE_Terrain: optimized;/usr/lib/x86_64-linux-gnu/libOgreTerrain.so;debug;/usr/lib/x86_64-linux-gnu/libOgreTerrain.so
[1.341s] -- Looking for OGRE_Property...
[1.348s] -- Found OGRE_Property: optimized;/usr/lib/x86_64-linux-gnu/libOgreProperty.so;debug;/usr/lib/x86_64-linux-gnu/libOgreProperty.so
[1.348s] -- Looking for OGRE_RTShaderSystem...
[1.357s] -- Found OGRE_RTShaderSystem: optimized;/usr/lib/x86_64-linux-gnu/libOgreRTShaderSystem.so;debug;/usr/lib/x86_64-linux-gnu/libOgreRTShaderSystem.so
[1.357s] -- Looking for OGRE_Volume...
[1.365s] -- Found OGRE_Volume: optimized;/usr/lib/x86_64-linux-gnu/libOgreVolume.so;debug;/usr/lib/x86_64-linux-gnu/libOgreVolume.so
[1.366s] -- Looking for OGRE_Overlay...
[1.377s] -- Found OGRE_Overlay: optimized;/usr/lib/x86_64-linux-gnu/libOgreOverlay.so;debug;/usr/lib/x86_64-linux-gnu/libOgreOverlay.so
[1.546s] -- Looking for ignition-math6 -- found version 6.15.1
[1.548s] -- Looking for ignition-transport8 -- found version 8.2.1
[1.549s] -- Searching for dependencies of ignition-transport8
[1.571s] -- Found Protobuf: /usr/lib/x86_64-linux-gnu/libprotobuf.so (found suitable version "3.12.4", minimum required is "3") 
[1.584s] -- Config-file not installed for ZeroMQ -- checking for pkg-config
[1.589s] -- Checking for module 'libzmq >= 4'
[1.607s] --   Found libzmq , version 4.3.4
[1.649s] -- Found ZeroMQ: TRUE (Required is at least version "4") 
[1.656s] -- Checking for module 'uuid'
[1.675s] --   Found uuid, version 2.37.2
[1.724s] -- Found UUID: TRUE  
[1.728s] -- Looking for ignition-msgs5 -- found version 5.8.1
[1.728s] -- Searching for dependencies of ignition-msgs5
[1.752s] -- Looking for ignition-math6 -- found version 6.15.1
[1.760s] -- Checking for module 'tinyxml2'
[1.774s] --   Found tinyxml2, version 9.0.0
[1.811s] -- Looking for ignition-msgs5 -- found version 5.8.1
[1.819s] -- Looking for ignition-common3 -- found version 3.14.0
[1.820s] -- Searching for dependencies of ignition-common3
[1.820s] -- Looking for dlfcn.h - found
[1.824s] -- Looking for libdl - found
[1.826s] -- Found DL: TRUE  
[1.841s] -- Found tinyobjloader: /usr/lib/x86_64-linux-gnu/cmake/tinyobjloader/tinyobjloader-config.cmake (found version "2.0.0") 
[1.842s] -- Searching for <ignition-common3> component [graphics]
[1.845s] -- Looking for ignition-common3-graphics -- found version 3.14.0
[1.846s] -- Searching for dependencies of ignition-common3-graphics
[1.847s] -- Looking for ignition-math6 -- found version 6.15.1
[1.851s] -- Looking for ignition-fuel_tools4 -- found version 4.4.0
[1.851s] -- Searching for dependencies of ignition-fuel_tools4
[1.952s] -- Found CURL: /usr/lib/x86_64-linux-gnu/libcurl.so (found version "7.81.0")  
[1.963s] -- Checking for module 'jsoncpp'
[1.977s] --   Found jsoncpp, version 1.9.5
[2.012s] -- Found JSONCPP: TRUE  
[2.020s] -- Checking for module 'libzip'
[2.035s] --   Found libzip, version 1.7.3
[2.076s] -- Found ZIP: TRUE  
[2.076s] -- Looking for ignition-common3 -- found version 3.14.0
[2.076s] -- Looking for ignition-math6 -- found version 6.15.1
[2.077s] -- Looking for ignition-msgs5 -- found version 5.8.1
[2.085s] -- Found gazebo_ros_pkgs: 3.7.0 (/opt/ros/humble/share/gazebo_ros_pkgs/cmake)
[2.087s] -- Found geometry_msgs: 4.2.3 (/opt/ros/humble/share/geometry_msgs/cmake)
[2.123s] -- Found rosidl_generator_c: 3.1.5 (/opt/ros/humble/share/rosidl_generator_c/cmake)
[2.129s] -- Found rosidl_adapter: 3.1.5 (/opt/ros/humble/share/rosidl_adapter/cmake)
[2.139s] -- Found rosidl_generator_cpp: 3.1.5 (/opt/ros/humble/share/rosidl_generator_cpp/cmake)
[2.156s] -- Using all available rosidl_typesupport_c: rosidl_typesupport_fastrtps_c;rosidl_typesupport_introspection_c
[2.180s] -- Using all available rosidl_typesupport_cpp: rosidl_typesupport_fastrtps_cpp;rosidl_typesupport_introspection_cpp
[2.324s] -- Found nav_msgs: 4.2.3 (/opt/ros/humble/share/nav_msgs/cmake)
[2.481s] -- Found rclcpp: 16.0.8 (/opt/ros/humble/share/rclcpp/cmake)
[2.708s] -- Found rmw_implementation_cmake: 6.1.1 (/opt/ros/humble/share/rmw_implementation_cmake/cmake)
[2.717s] -- Found rmw_cyclonedds_cpp: 1.3.4 (/opt/ros/humble/share/rmw_cyclonedds_cpp/cmake)
[2.828s] -- Using RMW implementation 'rmw_cyclonedds_cpp' as default
[2.868s] -- Found Threads: TRUE  
[3.255s] -- Found sensor_msgs: 4.2.3 (/opt/ros/humble/share/sensor_msgs/cmake)
[3.483s] -- Found tf2: 0.25.6 (/opt/ros/humble/share/tf2/cmake)
[3.659s] -- Configuring done
[3.770s] -- Generating done
[3.773s] -- Build files have been written to: /home/stinky/Documents/semantic-robot/ros2_ws/build/turtlebot3_gazebo
[3.827s] Invoked command in '/home/stinky/Documents/semantic-robot/ros2_ws/build/turtlebot3_gazebo' returned '0': CMAKE_PREFIX_PATH=/opt/ros/humble /usr/bin/cmake /home/stinky/Documents/semantic-robot/ros2_ws/src/turtlebot3/turtlebot3_simulations/turtlebot3_gazebo -DAMENT_CMAKE_SYMLINK_INSTALL=1 -DCMAKE_INSTALL_PREFIX=/home/stinky/Documents/semantic-robot/ros2_ws/install/turtlebot3_gazebo
[3.828s] Invoking command in '/home/stinky/Documents/semantic-robot/ros2_ws/build/turtlebot3_gazebo': CMAKE_PREFIX_PATH=/opt/ros/humble /usr/bin/cmake --build /home/stinky/Documents/semantic-robot/ros2_ws/build/turtlebot3_gazebo -- -j4 -l4
[4.033s] [ 12%] [32mBuilding CXX object CMakeFiles/turtlebot3_drive.dir/src/turtlebot3_drive.cpp.o[0m
[4.059s] [ 25%] [32mBuilding CXX object CMakeFiles/obstacles.dir/models/turtlebot3_dqn_world/obstacle_plugin/obstacles.cc.o[0m
[4.059s] [ 37%] [32mBuilding CXX object CMakeFiles/obstacle1.dir/models/turtlebot3_dqn_world/obstacle_plugin/obstacle1.cc.o[0m
[4.070s] [ 50%] [32mBuilding CXX object CMakeFiles/obstacle2.dir/models/turtlebot3_dqn_world/obstacle_plugin/obstacle2.cc.o[0m
[10.854s] gmake[2]: *** wait: No child processes.  Stop.
[10.854s] gmake[2]: *** Waiting for unfinished jobs....
[10.854s] gmake[2]: *** wait: No child processes.  Stop.
[10.854s] gmake[2]: *** wait: No child processes.  Stop.
[10.854s] gmake[2]: *** Waiting for unfinished jobs....
[10.854s] gmake[2]: *** wait: No child processes.  Stop.
[10.854s] gmake[1]: *** [CMakeFiles/Makefile2:195: CMakeFiles/obstacle2.dir/all] Error 2
[10.854s] gmake[1]: *** [CMakeFiles/Makefile2:143: CMakeFiles/turtlebot3_drive.dir/all] Error 2
[10.854s] gmake[2]: *** wait: No child processes.  Stop.
[10.854s] gmake[2]: *** Waiting for unfinished jobs....
[10.854s] gmake[2]: *** wait: No child processes.  Stop.
[10.854s] gmake[1]: *** [CMakeFiles/Makefile2:221: CMakeFiles/obstacles.dir/all] Error 2
[10.855s] gmake[2]: *** wait: No child processes.  Stop.
[10.855s] gmake[2]: *** Waiting for unfinished jobs....
[10.855s] gmake[2]: *** wait: No child processes.  Stop.
[10.855s] gmake[1]: *** [CMakeFiles/Makefile2:169: CMakeFiles/obstacle1.dir/all] Error 2
[10.855s] gmake: *** [Makefile:146: all] Interrupt
