[0.085s] Invoking command in '/home/stinky/Documents/semantic-robot/ros2_ws/build/bt_plansys_turtlebot': CMAKE_PREFIX_PATH=${CMAKE_PREFIX_PATH}:/opt/ros/humble /usr/bin/cmake --build /home/stinky/Documents/semantic-robot/ros2_ws/build/bt_plansys_turtlebot -- -j12 -l12
[0.126s] [  8%] [32mBuilding CXX object CMakeFiles/recharge_bt_node.dir/src/bt_nodes/Recharge.cpp.o[0m
[0.127s] [ 16%] [32mBuilding CXX object CMakeFiles/hello_world_node.dir/src/hello_world_node.cpp.o[0m
[0.127s] [ 25%] [32mBuilding CXX object CMakeFiles/lower_fork_bt_node.dir/src/bt_nodes/LowerFork.cpp.o[0m
[0.128s] [ 33%] [32mBuilding CXX object CMakeFiles/lift_fork_bt_node.dir/src/bt_nodes/LiftFork.cpp.o[0m
[0.128s] [ 41%] [32mBuilding CXX object CMakeFiles/move_bt_node.dir/src/bt_nodes/Move.cpp.o[0m
[0.129s] [ 50%] [32mBuilding CXX object CMakeFiles/approach_pallet_bt_node.dir/src/bt_nodes/ApproachPallet.cpp.o[0m
[0.133s] [01m[K/home/stinky/Documents/semantic-robot/ros2_ws/src/bt_plansys_turtlebot/src/hello_world_node.cpp:1:10:[m[K [01;31m[Kfatal error: [m[Krclcpp/rclcpp.hpp: No such file or directory
[0.133s]     1 | #include [01;31m[K"rclcpp/rclcpp.hpp"[m[K
[0.133s]       |          [01;31m[K^~~~~~~~~~~~~~~~~~~[m[K
[0.133s] compilation terminated.
[0.134s] gmake[2]: *** [CMakeFiles/hello_world_node.dir/build.make:76: CMakeFiles/hello_world_node.dir/src/hello_world_node.cpp.o] Error 1
[0.134s] gmake[1]: *** [CMakeFiles/Makefile2:277: CMakeFiles/hello_world_node.dir/all] Error 2
[0.134s] gmake[1]: *** Waiting for unfinished jobs....
[1.077s] [ 58%] [32m[1mLinking CXX shared library librecharge_bt_node.so[0m
[1.098s] [ 66%] [32m[1mLinking CXX shared library liblower_fork_bt_node.so[0m
[1.098s] [ 75%] [32m[1mLinking CXX shared library libapproach_pallet_bt_node.so[0m
[1.101s] [ 83%] [32m[1mLinking CXX shared library liblift_fork_bt_node.so[0m
[1.101s] [ 91%] [32m[1mLinking CXX shared library libmove_bt_node.so[0m
[1.220s] [ 91%] Built target recharge_bt_node
[1.229s] [ 91%] Built target approach_pallet_bt_node
[1.229s] [ 91%] Built target lower_fork_bt_node
[1.231s] [ 91%] Built target move_bt_node
[1.234s] [ 91%] Built target lift_fork_bt_node
[1.235s] gmake: *** [Makefile:146: all] Error 2
[1.237s] Invoked command in '/home/stinky/Documents/semantic-robot/ros2_ws/build/bt_plansys_turtlebot' returned '2': CMAKE_PREFIX_PATH=${CMAKE_PREFIX_PATH}:/opt/ros/humble /usr/bin/cmake --build /home/stinky/Documents/semantic-robot/ros2_ws/build/bt_plansys_turtlebot -- -j12 -l12
