[0.079s] Invoking command in '/home/stinky/Documents/semantic-robot/ros2_ws/build/bt_plansys_turtlebot': CMAKE_PREFIX_PATH=${CMAKE_PREFIX_PATH}:/opt/ros/humble CONDA_PROMPT_MODIFIER=(base) /usr/bin/cmake --build /home/stinky/Documents/semantic-robot/ros2_ws/build/bt_plansys_turtlebot -- -j12 -l12
[0.116s] [35m[1mConsolidate compiler generated dependencies of target move_bt_node[0m
[0.125s] [ 16%] Built target lift_fork_bt_node
[0.127s] [ 33%] Built target approach_pallet_bt_node
[0.127s] [ 50%] Built target recharge_bt_node
[0.128s] [ 66%] Built target lower_fork_bt_node
[0.132s] [ 83%] Built target hello_world_node
[0.139s] [ 91%] [32mBuilding CXX object CMakeFiles/move_bt_node.dir/src/bt_nodes/Move.cpp.o[0m
[2.106s] [01m[K/home/stinky/Documents/semantic-robot/ros2_ws/src/bt_plansys_turtlebot/src/bt_nodes/Move.cpp:[m[K In constructor â€˜[01m[KMove::Move(const string&, const string&, const BT::NodeConfiguration&)[m[Kâ€™:
[2.106s] [01m[K/home/stinky/Documents/semantic-robot/ros2_ws/src/bt_plansys_turtlebot/src/bt_nodes/Move.cpp:17:63:[m[K [01;31m[Kerror: [m[Kâ€˜[01m[Kacion_name[m[Kâ€™ was not declared in this scope; did you mean â€˜[01m[Kaction_name[m[Kâ€™?
[2.106s]    17 |                                                               [01;31m[Kacion_name[m[K,
[2.107s]       |                                                               [01;31m[K^~~~~~~~~~[m[K
[2.107s]       |                                                               [32m[Kaction_name[m[K
[2.107s] [01m[K/home/stinky/Documents/semantic-robot/ros2_ws/src/bt_plansys_turtlebot/src/bt_nodes/Move.cpp:20:11:[m[K [01;31m[Kerror: [m[Kno match for call to â€˜[01m[K(const BT::NodeConfiguration) ()[m[Kâ€™
[2.107s]    20 |     [01;31m[Kconfig()[m[K.blackboard->get("node", node);
[2.107s]       |     [01;31m[K~~~~~~^~[m[K
[2.109s] [01m[K/home/stinky/Documents/semantic-robot/ros2_ws/src/bt_plansys_turtlebot/src/bt_nodes/Move.cpp:14:53:[m[K [01;35m[Kwarning: [m[Kunused parameter â€˜[01m[Kaction_name[m[Kâ€™ [[01;35m[K]8;;https://gcc.gnu.org/onlinedocs/gcc/Warning-Options.html#index-Wunused-parameter-Wunused-parameter]8;;[m[K]
[2.109s]    14 |                                  [01;35m[Kconst std::string &action_name[m[K,
[2.109s]       |                                  [01;35m[K~~~~~~~~~~~~~~~~~~~^~~~~~~~~~~[m[K
[2.463s] In file included from [01m[K/home/stinky/Documents/semantic-robot/ros2_ws/src/bt_plansys_turtlebot/include/bt_plansys_turtlebot/bt_nodes/Move.hpp:9[m[K,
[2.464s]                  from [01m[K/home/stinky/Documents/semantic-robot/ros2_ws/src/bt_plansys_turtlebot/src/bt_nodes/Move.cpp:5[m[K:
[2.464s] /opt/ros/humble/include/plansys2_bt_actions/BTActionNode.hpp: In instantiation of â€˜[01m[Kvoid plansys2::BtActionNode<ActionT, NodeT>::on_feedback(std::shared_ptr<const typename ActionT::Feedback>) [with ActionT = nav2_msgs::action::NavigateToPose; NodeT = rclcpp::Node; typename ActionT::Feedback = nav2_msgs::action::NavigateToPose_Feedback_<std::allocator<void> >][m[Kâ€™:
[2.464s] [01m[K/opt/ros/humble/include/plansys2_bt_actions/BTActionNode.hpp:120:16:[m[K   required from here
[2.464s] [01m[K/opt/ros/humble/include/plansys2_bt_actions/BTActionNode.hpp:121:61:[m[K [01;35m[Kwarning: [m[Kunused parameter â€˜[01m[Kfeedback[m[Kâ€™ [[01;35m[K]8;;https://gcc.gnu.org/onlinedocs/gcc/Warning-Options.html#index-Wunused-parameter-Wunused-parameter]8;;[m[K]
[2.464s]   121 |     [01;35m[Kconst std::shared_ptr<const typename ActionT::Feedback> feedback[m[K)
[2.464s]       |     [01;35m[K~~~~~~~~~~~~~~~~~~~~~~~~~~~~~~~~~~~~~~~~~~~~~~~~~~~~~~~~^~~~~~~~[m[K
[2.788s] gmake[2]: *** [CMakeFiles/move_bt_node.dir/build.make:76: CMakeFiles/move_bt_node.dir/src/bt_nodes/Move.cpp.o] Error 1
[2.789s] gmake[1]: *** [CMakeFiles/Makefile2:147: CMakeFiles/move_bt_node.dir/all] Error 2
[2.789s] gmake: *** [Makefile:146: all] Error 2
[2.791s] Invoked command in '/home/stinky/Documents/semantic-robot/ros2_ws/build/bt_plansys_turtlebot' returned '2': CMAKE_PREFIX_PATH=${CMAKE_PREFIX_PATH}:/opt/ros/humble CONDA_PROMPT_MODIFIER=(base) /usr/bin/cmake --build /home/stinky/Documents/semantic-robot/ros2_ws/build/bt_plansys_turtlebot -- -j12 -l12
