[35m[1mConsolidate compiler generated dependencies of target move_bt_node[0m
[ 16%] Built target recharge_bt_node
[ 33%] Built target lower_fork_bt_node
[ 50%] Built target lift_fork_bt_node
[ 66%] Built target approach_pallet_bt_node
[ 83%] Built target hello_world_node
[ 91%] [32mBuilding CXX object CMakeFiles/move_bt_node.dir/src/bt_nodes/Move.cpp.o[0m
[01m[Kcc1plus:[m[K [01;31m[Kfatal error: [m[K/home/stinky/Documents/semantic-robot/ros2_ws/src/bt_plansys_turtlebot/src/bt_nodes/Move.cpp: No such file or directory
compilation terminated.
gmake[2]: *** [CMakeFiles/move_bt_node.dir/build.make:76: CMakeFiles/move_bt_node.dir/src/bt_nodes/Move.cpp.o] Error 1
gmake[1]: *** [CMakeFiles/Makefile2:147: CMakeFiles/move_bt_node.dir/all] Error 2
gmake: *** [Makefile:146: all] Error 2
