[0.084s] Invoking command in '/home/stinky/Documents/semantic-robot/ros2_ws/build/bt_plansys_turtlebot': CMAKE_PREFIX_PATH=${CMAKE_PREFIX_PATH}:/opt/ros/humble CONDA_PROMPT_MODIFIER=(base) /usr/bin/cmake --build /home/stinky/Documents/semantic-robot/ros2_ws/build/bt_plansys_turtlebot -- -j12 -l12
[0.122s] [35m[1mConsolidate compiler generated dependencies of target move_bt_node[0m
[0.131s] [ 16%] Built target recharge_bt_node
[0.132s] [ 33%] Built target lower_fork_bt_node
[0.133s] [ 50%] Built target lift_fork_bt_node
[0.134s] [ 66%] Built target approach_pallet_bt_node
[0.136s] [ 83%] Built target hello_world_node
[0.148s] [ 91%] [32mBuilding CXX object CMakeFiles/move_bt_node.dir/src/bt_nodes/Move.cpp.o[0m
[0.153s] [01m[Kcc1plus:[m[K [01;31m[Kfatal error: [m[K/home/stinky/Documents/semantic-robot/ros2_ws/src/bt_plansys_turtlebot/src/bt_nodes/Move.cpp: No such file or directory
[0.153s] compilation terminated.
[0.153s] gmake[2]: *** [CMakeFiles/move_bt_node.dir/build.make:76: CMakeFiles/move_bt_node.dir/src/bt_nodes/Move.cpp.o] Error 1
[0.154s] gmake[1]: *** [CMakeFiles/Makefile2:147: CMakeFiles/move_bt_node.dir/all] Error 2
[0.154s] gmake: *** [Makefile:146: all] Error 2
[0.156s] Invoked command in '/home/stinky/Documents/semantic-robot/ros2_ws/build/bt_plansys_turtlebot' returned '2': CMAKE_PREFIX_PATH=${CMAKE_PREFIX_PATH}:/opt/ros/humble CONDA_PROMPT_MODIFIER=(base) /usr/bin/cmake --build /home/stinky/Documents/semantic-robot/ros2_ws/build/bt_plansys_turtlebot -- -j12 -l12
